0 info it worked if it ends with ok
1 verbose cli [ 'C:\\Program Files\\nodejs\\node.exe',
1 verbose cli   'C:\\Program Files\\nodejs\\node_modules\\npm\\bin\\npm-cli.js',
1 verbose cli   'run',
1 verbose cli   'build' ]
2 info using npm@4.1.2
3 info using node@v7.6.0
4 verbose run-script [ 'prebuild', 'build', 'postbuild' ]
5 info lifecycle ivision@1.0.0~prebuild: ivision@1.0.0
6 verbose lifecycle ivision@1.0.0~prebuild: unsafe-perm in lifecycle true
7 verbose lifecycle ivision@1.0.0~prebuild: PATH: C:\Program Files\nodejs\node_modules\npm\bin\node-gyp-bin;D:\Code\Rekrutacja\Ivision\node_modules\.bin;C:\ProgramData\Oracle\Java\javapath;C:\Program Files (x86)\Intel\iCLS Client\;C:\Program Files\Intel\iCLS Client\;C:\Windows\system32;C:\Windows;C:\Windows\System32\Wbem;C:\Windows\System32\WindowsPowerShell\v1.0\;C:\Program Files (x86)\NVIDIA Corporation\PhysX\Common;C:\Program Files (x86)\Intel\Intel(R) Management Engine Components\DAL;C:\Program Files\Intel\Intel(R) Management Engine Components\DAL;C:\Program Files (x86)\Intel\Intel(R) Management Engine Components\IPT;C:\Program Files\Intel\Intel(R) Management Engine Components\IPT;C:\WINDOWS\system32;C:\WINDOWS;C:\WINDOWS\System32\Wbem;C:\WINDOWS\System32\WindowsPowerShell\v1.0\;C:\Program Files\Intel\WiFi\bin\;C:\Program Files\Common Files\Intel\WirelessCommon\;C:\Program Files\Git\cmd;C:\Program Files\nodejs\;C:\Users\Deny\AppData\Local\Microsoft\WindowsApps;C:\Program Files (x86)\Microsoft VS Code\bin;C:\Users\Deny\AppData\Roaming\npm
8 verbose lifecycle ivision@1.0.0~prebuild: CWD: D:\Code\Rekrutacja\Ivision
9 silly lifecycle ivision@1.0.0~prebuild: Args: [ '/d /s /c', 'npm run clean' ]
10 silly lifecycle ivision@1.0.0~prebuild: Returned: code: 0  signal: null
11 info lifecycle ivision@1.0.0~build: ivision@1.0.0
12 verbose lifecycle ivision@1.0.0~build: unsafe-perm in lifecycle true
13 verbose lifecycle ivision@1.0.0~build: PATH: C:\Program Files\nodejs\node_modules\npm\bin\node-gyp-bin;D:\Code\Rekrutacja\Ivision\node_modules\.bin;C:\ProgramData\Oracle\Java\javapath;C:\Program Files (x86)\Intel\iCLS Client\;C:\Program Files\Intel\iCLS Client\;C:\Windows\system32;C:\Windows;C:\Windows\System32\Wbem;C:\Windows\System32\WindowsPowerShell\v1.0\;C:\Program Files (x86)\NVIDIA Corporation\PhysX\Common;C:\Program Files (x86)\Intel\Intel(R) Management Engine Components\DAL;C:\Program Files\Intel\Intel(R) Management Engine Components\DAL;C:\Program Files (x86)\Intel\Intel(R) Management Engine Components\IPT;C:\Program Files\Intel\Intel(R) Management Engine Components\IPT;C:\WINDOWS\system32;C:\WINDOWS;C:\WINDOWS\System32\Wbem;C:\WINDOWS\System32\WindowsPowerShell\v1.0\;C:\Program Files\Intel\WiFi\bin\;C:\Program Files\Common Files\Intel\WirelessCommon\;C:\Program Files\Git\cmd;C:\Program Files\nodejs\;C:\Users\Deny\AppData\Local\Microsoft\WindowsApps;C:\Program Files (x86)\Microsoft VS Code\bin;C:\Users\Deny\AppData\Roaming\npm
14 verbose lifecycle ivision@1.0.0~build: CWD: D:\Code\Rekrutacja\Ivision
15 silly lifecycle ivision@1.0.0~build: Args: [ '/d /s /c', 'webpack -w' ]
16 silly lifecycle ivision@1.0.0~build: Returned: code: 3221225786  signal: null
17 info lifecycle ivision@1.0.0~build: Failed to exec build script
18 verbose stack Error: ivision@1.0.0 build: `webpack -w`
18 verbose stack Exit status 3221225786
18 verbose stack     at EventEmitter.<anonymous> (C:\Program Files\nodejs\node_modules\npm\lib\utils\lifecycle.js:279:16)
18 verbose stack     at emitTwo (events.js:106:13)
18 verbose stack     at EventEmitter.emit (events.js:192:7)
18 verbose stack     at ChildProcess.<anonymous> (C:\Program Files\nodejs\node_modules\npm\lib\utils\spawn.js:40:14)
18 verbose stack     at emitTwo (events.js:106:13)
18 verbose stack     at ChildProcess.emit (events.js:192:7)
18 verbose stack     at maybeClose (internal/child_process.js:890:16)
18 verbose stack     at Process.ChildProcess._handle.onexit (internal/child_process.js:226:5)
19 verbose pkgid ivision@1.0.0
20 verbose cwd D:\Code\Rekrutacja\Ivision
21 error Windows_NT 10.0.14393
22 error argv "C:\\Program Files\\nodejs\\node.exe" "C:\\Program Files\\nodejs\\node_modules\\npm\\bin\\npm-cli.js" "run" "build"
23 error node v7.6.0
24 error npm  v4.1.2
25 error code ELIFECYCLE
26 error ivision@1.0.0 build: `webpack -w`
26 error Exit status 3221225786
27 error Failed at the ivision@1.0.0 build script 'webpack -w'.
27 error Make sure you have the latest version of node.js and npm installed.
27 error If you do, this is most likely a problem with the ivision package,
27 error not with npm itself.
27 error Tell the author that this fails on your system:
27 error     webpack -w
27 error You can get information on how to open an issue for this project with:
27 error     npm bugs ivision
27 error Or if that isn't available, you can get their info via:
27 error     npm owner ls ivision
27 error There is likely additional logging output above.
28 verbose exit [ 1, true ]
